Thu Oct 26 2017 07:52:19 GMT+0800 (Malay Peninsula Standard Time): GET /
Thu Oct 26 2017 07:52:19 GMT+0800 (Malay Peninsula Standard Time): GET /favicon.ico
Thu Oct 26 2017 07:52:59 GMT+0800 (Malay Peninsula Standard Time): GET /
Thu Oct 26 2017 07:52:59 GMT+0800 (Malay Peninsula Standard Time): GET /favicon.ico
Thu Oct 26 2017 07:54:06 GMT+0800 (Malay Peninsula Standard Time): GET /
Thu Oct 26 2017 07:54:06 GMT+0800 (Malay Peninsula Standard Time): GET /favicon.ico
Thu Oct 26 2017 07:54:20 GMT+0800 (Malay Peninsula Standard Time): GET /
Thu Oct 26 2017 07:54:20 GMT+0800 (Malay Peninsula Standard Time): GET /favicon.ico
Thu Oct 26 2017 07:54:52 GMT+0800 (Malay Peninsula Standard Time): GET /
Thu Oct 26 2017 07:54:52 GMT+0800 (Malay Peninsula Standard Time): GET /favicon.ico
Thu Oct 26 2017 07:54:55 GMT+0800 (Malay Peninsula Standard Time): GET /
Thu Oct 26 2017 07:54:55 GMT+0800 (Malay Peninsula Standard Time): GET /favicon.ico
Thu Oct 26 2017 07:54:55 GMT+0800 (Malay Peninsula Standard Time): GET /
Thu Oct 26 2017 07:54:55 GMT+0800 (Malay Peninsula Standard Time): GET /favicon.ico
Thu Oct 26 2017 07:55:38 GMT+0800 (Malay Peninsula Standard Time): GET /
Thu Oct 26 2017 07:55:38 GMT+0800 (Malay Peninsula Standard Time): GET /favicon.ico
Thu Oct 26 2017 07:58:23 GMT+0800 (Malay Peninsula Standard Time): GET /
Thu Oct 26 2017 07:58:24 GMT+0800 (Malay Peninsula Standard Time): GET /favicon.ico
Thu Oct 26 2017 07:59:42 GMT+0800 (Malay Peninsula Standard Time): GET /
Thu Oct 26 2017 07:59:42 GMT+0800 (Malay Peninsula Standard Time): GET /favicon.ico
Thu Oct 26 2017 07:59:45 GMT+0800 (Malay Peninsula Standard Time): GET /
Thu Oct 26 2017 07:59:45 GMT+0800 (Malay Peninsula Standard Time): GET /favicon.ico
Thu Oct 26 2017 07:59:53 GMT+0800 (Malay Peninsula Standard Time): GET /
Thu Oct 26 2017 07:59:53 GMT+0800 (Malay Peninsula Standard Time): GET /favicon.ico
Thu Oct 26 2017 08:00:25 GMT+0800 (Malay Peninsula Standard Time): GET /
Thu Oct 26 2017 08:00:25 GMT+0800 (Malay Peninsula Standard Time): GET /favicon.ico
Thu Oct 26 2017 08:00:33 GMT+0800 (Malay Peninsula Standard Time): GET /
Thu Oct 26 2017 08:00:33 GMT+0800 (Malay Peninsula Standard Time): GET /favicon.ico
Thu Oct 26 2017 08:00:34 GMT+0800 (Malay Peninsula Standard Time): GET /
Thu Oct 26 2017 08:00:34 GMT+0800 (Malay Peninsula Standard Time): GET /favicon.ico
Thu Oct 26 2017 08:00:34 GMT+0800 (Malay Peninsula Standard Time): GET /
Thu Oct 26 2017 08:00:34 GMT+0800 (Malay Peninsula Standard Time): GET /favicon.ico
Thu Oct 26 2017 08:02:03 GMT+0800 (Malay Peninsula Standard Time): GET /
Thu Oct 26 2017 08:02:03 GMT+0800 (Malay Peninsula Standard Time): GET /favicon.ico
Thu Oct 26 2017 08:02:04 GMT+0800 (Malay Peninsula Standard Time): GET /
Thu Oct 26 2017 08:02:04 GMT+0800 (Malay Peninsula Standard Time): GET /favicon.ico
Thu Oct 26 2017 08:02:04 GMT+0800 (Malay Peninsula Standard Time): GET /
Thu Oct 26 2017 08:02:04 GMT+0800 (Malay Peninsula Standard Time): GET /favicon.ico
Thu Oct 26 2017 08:03:36 GMT+0800 (Malay Peninsula Standard Time): GET /
Thu Oct 26 2017 08:03:36 GMT+0800 (Malay Peninsula Standard Time): GET /favicon.ico
Thu Oct 26 2017 08:03:41 GMT+0800 (Malay Peninsula Standard Time): GET /
Thu Oct 26 2017 08:03:41 GMT+0800 (Malay Peninsula Standard Time): GET /favicon.ico
Thu Oct 26 2017 08:04:29 GMT+0800 (Malay Peninsula Standard Time): GET /
Thu Oct 26 2017 08:04:29 GMT+0800 (Malay Peninsula Standard Time): GET /favicon.ico
Thu Oct 26 2017 08:04:30 GMT+0800 (Malay Peninsula Standard Time): GET /
Thu Oct 26 2017 08:04:30 GMT+0800 (Malay Peninsula Standard Time): GET /favicon.ico
Thu Oct 26 2017 08:05:01 GMT+0800 (Malay Peninsula Standard Time): GET /
Thu Oct 26 2017 08:05:01 GMT+0800 (Malay Peninsula Standard Time): GET /favicon.ico
Thu Oct 26 2017 08:09:52 GMT+0800 (Malay Peninsula Standard Time): GET /
Thu Oct 26 2017 08:09:52 GMT+0800 (Malay Peninsula Standard Time): GET /favicon.ico
Thu Oct 26 2017 08:10:32 GMT+0800 (Malay Peninsula Standard Time): GET /
Thu Oct 26 2017 08:10:32 GMT+0800 (Malay Peninsula Standard Time): GET /favicon.ico
Thu Oct 26 2017 08:10:33 GMT+0800 (Malay Peninsula Standard Time): GET /
Thu Oct 26 2017 08:10:33 GMT+0800 (Malay Peninsula Standard Time): GET /favicon.ico
Thu Oct 26 2017 08:10:33 GMT+0800 (Malay Peninsula Standard Time): GET /
Thu Oct 26 2017 08:10:33 GMT+0800 (Malay Peninsula Standard Time): GET /favicon.ico
Thu Oct 26 2017 08:10:33 GMT+0800 (Malay Peninsula Standard Time): GET /
Thu Oct 26 2017 08:10:33 GMT+0800 (Malay Peninsula Standard Time): GET /favicon.ico
Thu Oct 26 2017 08:10:33 GMT+0800 (Malay Peninsula Standard Time): GET /
Thu Oct 26 2017 08:10:33 GMT+0800 (Malay Peninsula Standard Time): GET /favicon.ico
Thu Oct 26 2017 08:10:34 GMT+0800 (Malay Peninsula Standard Time): GET /
Thu Oct 26 2017 08:10:34 GMT+0800 (Malay Peninsula Standard Time): GET /favicon.ico
Thu Oct 26 2017 08:10:39 GMT+0800 (Malay Peninsula Standard Time): GET /
Thu Oct 26 2017 08:10:39 GMT+0800 (Malay Peninsula Standard Time): GET /favicon.ico
Thu Oct 26 2017 08:10:42 GMT+0800 (Malay Peninsula Standard Time): GET /
Thu Oct 26 2017 08:10:42 GMT+0800 (Malay Peninsula Standard Time): GET /favicon.ico
Thu Oct 26 2017 08:10:43 GMT+0800 (Malay Peninsula Standard Time): GET /
Thu Oct 26 2017 08:10:43 GMT+0800 (Malay Peninsula Standard Time): GET /favicon.ico
Thu Oct 26 2017 08:10:43 GMT+0800 (Malay Peninsula Standard Time): GET /
Thu Oct 26 2017 08:10:43 GMT+0800 (Malay Peninsula Standard Time): GET /favicon.ico
Thu Oct 26 2017 08:10:43 GMT+0800 (Malay Peninsula Standard Time): GET /
Thu Oct 26 2017 08:10:43 GMT+0800 (Malay Peninsula Standard Time): GET /favicon.ico
Thu Oct 26 2017 08:10:43 GMT+0800 (Malay Peninsula Standard Time): GET /
Thu Oct 26 2017 08:10:43 GMT+0800 (Malay Peninsula Standard Time): GET /favicon.ico
Thu Oct 26 2017 08:10:44 GMT+0800 (Malay Peninsula Standard Time): GET /
Thu Oct 26 2017 08:10:44 GMT+0800 (Malay Peninsula Standard Time): GET /favicon.ico
Thu Oct 26 2017 08:10:44 GMT+0800 (Malay Peninsula Standard Time): GET /
Thu Oct 26 2017 08:10:44 GMT+0800 (Malay Peninsula Standard Time): GET /favicon.ico
Thu Oct 26 2017 08:10:44 GMT+0800 (Malay Peninsula Standard Time): GET /
Thu Oct 26 2017 08:10:44 GMT+0800 (Malay Peninsula Standard Time): GET /favicon.ico
Thu Oct 26 2017 08:10:45 GMT+0800 (Malay Peninsula Standard Time): GET /
Thu Oct 26 2017 08:10:45 GMT+0800 (Malay Peninsula Standard Time): GET /favicon.ico
Thu Oct 26 2017 08:11:25 GMT+0800 (Malay Peninsula Standard Time): GET /
Thu Oct 26 2017 08:12:31 GMT+0800 (Malay Peninsula Standard Time): GET /
Thu Oct 26 2017 08:12:36 GMT+0800 (Malay Peninsula Standard Time): GET /
Thu Oct 26 2017 08:12:36 GMT+0800 (Malay Peninsula Standard Time): GET /favicon.ico
Thu Oct 26 2017 08:12:57 GMT+0800 (Malay Peninsula Standard Time): GET /
Thu Oct 26 2017 08:12:57 GMT+0800 (Malay Peninsula Standard Time): GET /favicon.ico
Thu Oct 26 2017 08:13:02 GMT+0800 (Malay Peninsula Standard Time): GET /
Thu Oct 26 2017 08:13:02 GMT+0800 (Malay Peninsula Standard Time): GET /favicon.ico
Thu Oct 26 2017 08:13:24 GMT+0800 (Malay Peninsula Standard Time): GET /
Thu Oct 26 2017 08:13:24 GMT+0800 (Malay Peninsula Standard Time): GET /favicon.ico
Thu Oct 26 2017 08:13:24 GMT+0800 (Malay Peninsula Standard Time): GET /
Thu Oct 26 2017 08:13:24 GMT+0800 (Malay Peninsula Standard Time): GET /favicon.ico
Thu Oct 26 2017 08:14:22 GMT+0800 (Malay Peninsula Standard Time): GET /
Thu Oct 26 2017 08:14:22 GMT+0800 (Malay Peninsula Standard Time): GET /favicon.ico
Thu Oct 26 2017 08:14:28 GMT+0800 (Malay Peninsula Standard Time): GET /
Thu Oct 26 2017 08:14:28 GMT+0800 (Malay Peninsula Standard Time): GET /favicon.ico
Thu Oct 26 2017 08:14:29 GMT+0800 (Malay Peninsula Standard Time): GET /
Thu Oct 26 2017 08:14:29 GMT+0800 (Malay Peninsula Standard Time): GET /favicon.ico
Thu Oct 26 2017 08:14:30 GMT+0800 (Malay Peninsula Standard Time): GET /
Thu Oct 26 2017 08:14:30 GMT+0800 (Malay Peninsula Standard Time): GET /favicon.ico
Thu Oct 26 2017 08:14:30 GMT+0800 (Malay Peninsula Standard Time): GET /
Thu Oct 26 2017 08:14:30 GMT+0800 (Malay Peninsula Standard Time): GET /favicon.ico
Thu Oct 26 2017 08:14:33 GMT+0800 (Malay Peninsula Standard Time): GET /
Thu Oct 26 2017 08:14:33 GMT+0800 (Malay Peninsula Standard Time): GET /favicon.ico
Thu Oct 26 2017 08:15:27 GMT+0800 (Malay Peninsula Standard Time): GET /
Thu Oct 26 2017 08:15:27 GMT+0800 (Malay Peninsula Standard Time): GET /favicon.ico
Thu Oct 26 2017 08:15:33 GMT+0800 (Malay Peninsula Standard Time): GET /
Thu Oct 26 2017 08:15:33 GMT+0800 (Malay Peninsula Standard Time): GET /favicon.ico
Thu Oct 26 2017 08:15:35 GMT+0800 (Malay Peninsula Standard Time): GET /
Thu Oct 26 2017 08:15:35 GMT+0800 (Malay Peninsula Standard Time): GET /favicon.ico
Thu Oct 26 2017 08:15:41 GMT+0800 (Malay Peninsula Standard Time): GET /
Thu Oct 26 2017 08:15:41 GMT+0800 (Malay Peninsula Standard Time): GET /favicon.ico
Thu Oct 26 2017 08:15:45 GMT+0800 (Malay Peninsula Standard Time): GET /
Thu Oct 26 2017 08:15:45 GMT+0800 (Malay Peninsula Standard Time): GET /favicon.ico
Thu Oct 26 2017 08:15:57 GMT+0800 (Malay Peninsula Standard Time): GET /
Thu Oct 26 2017 08:15:57 GMT+0800 (Malay Peninsula Standard Time): GET /favicon.ico
Thu Oct 26 2017 08:15:57 GMT+0800 (Malay Peninsula Standard Time): GET /
Thu Oct 26 2017 08:15:57 GMT+0800 (Malay Peninsula Standard Time): GET /favicon.ico
Thu Oct 26 2017 08:17:56 GMT+0800 (Malay Peninsula Standard Time): GET /
Thu Oct 26 2017 08:17:57 GMT+0800 (Malay Peninsula Standard Time): GET /favicon.ico
Thu Oct 26 2017 08:19:09 GMT+0800 (Malay Peninsula Standard Time): GET /
Thu Oct 26 2017 08:19:09 GMT+0800 (Malay Peninsula Standard Time): GET /favicon.ico
Thu Oct 26 2017 08:20:49 GMT+0800 (Malay Peninsula Standard Time): GET /
Thu Oct 26 2017 08:20:49 GMT+0800 (Malay Peninsula Standard Time): GET /favicon.ico
Thu Oct 26 2017 08:20:56 GMT+0800 (Malay Peninsula Standard Time): GET /todos/59f0a7039bc1944298c2c313
Thu Oct 26 2017 08:21:03 GMT+0800 (Malay Peninsula Standard Time): GET /todos/59f0a7039bc1944298c2c3
Thu Oct 26 2017 08:21:04 GMT+0800 (Malay Peninsula Standard Time): GET /todos/59f0a7039bc1944298c2c3
Thu Oct 26 2017 08:21:07 GMT+0800 (Malay Peninsula Standard Time): GET /todos/59f0a7039bc1944298c
Thu Oct 26 2017 08:21:08 GMT+0800 (Malay Peninsula Standard Time): GET /todos/59f0a7039bc1944298c
Thu Oct 26 2017 08:21:11 GMT+0800 (Malay Peninsula Standard Time): GET /todos/dsasdasdsa
Thu Oct 26 2017 08:21:15 GMT+0800 (Malay Peninsula Standard Time): GET /todos/321321
Thu Oct 26 2017 08:21:37 GMT+0800 (Malay Peninsula Standard Time): GET /gettodo
Thu Oct 26 2017 08:21:40 GMT+0800 (Malay Peninsula Standard Time): GET /posttodo
Thu Oct 26 2017 08:22:57 GMT+0800 (Malay Peninsula Standard Time): GET /todos/321321
Thu Oct 26 2017 08:22:58 GMT+0800 (Malay Peninsula Standard Time): GET /todos/321321
Thu Oct 26 2017 08:23:13 GMT+0800 (Malay Peninsula Standard Time): GET /todos/59f0a7039bc1944298c2c319
Thu Oct 26 2017 08:23:16 GMT+0800 (Malay Peninsula Standard Time): GET /todos/59f0a7039bc1944298c2c311
Thu Oct 26 2017 08:24:31 GMT+0800 (Malay Peninsula Standard Time): GET /
Thu Oct 26 2017 08:24:31 GMT+0800 (Malay Peninsula Standard Time): GET /favicon.ico
Thu Oct 26 2017 08:24:54 GMT+0800 (Malay Peninsula Standard Time): GET /
Thu Oct 26 2017 08:24:54 GMT+0800 (Malay Peninsula Standard Time): GET /favicon.ico
Thu Oct 26 2017 08:26:00 GMT+0800 (Malay Peninsula Standard Time): GET /
Thu Oct 26 2017 08:26:00 GMT+0800 (Malay Peninsula Standard Time): GET /favicon.ico
Thu Oct 26 2017 08:26:01 GMT+0800 (Malay Peninsula Standard Time): GET /
Thu Oct 26 2017 08:26:01 GMT+0800 (Malay Peninsula Standard Time): GET /favicon.ico
Thu Oct 26 2017 08:26:01 GMT+0800 (Malay Peninsula Standard Time): GET /
Thu Oct 26 2017 08:26:01 GMT+0800 (Malay Peninsula Standard Time): GET /favicon.ico
Thu Oct 26 2017 08:26:01 GMT+0800 (Malay Peninsula Standard Time): GET /
Thu Oct 26 2017 08:26:01 GMT+0800 (Malay Peninsula Standard Time): GET /favicon.ico
Thu Oct 26 2017 08:26:09 GMT+0800 (Malay Peninsula Standard Time): GET /
Thu Oct 26 2017 08:26:09 GMT+0800 (Malay Peninsula Standard Time): GET /favicon.ico
Thu Oct 26 2017 08:26:51 GMT+0800 (Malay Peninsula Standard Time): GET /todos
Thu Oct 26 2017 08:26:54 GMT+0800 (Malay Peninsula Standard Time): GET /todos/59f0a7039bc1944298c2c319
Fri Oct 27 2017 00:37:36 GMT+0800 (Malay Peninsula Standard Time): GET /todos
Fri Oct 27 2017 00:54:40 GMT+0800 (Malay Peninsula Standard Time): GET /todos/59f213504f532f299c65cf28
Fri Oct 27 2017 00:54:40 GMT+0800 (Malay Peninsula Standard Time): POST /todos
Fri Oct 27 2017 00:54:40 GMT+0800 (Malay Peninsula Standard Time): POST /todos
Fri Oct 27 2017 00:54:40 GMT+0800 (Malay Peninsula Standard Time): GET /todos
Fri Oct 27 2017 00:54:42 GMT+0800 (Malay Peninsula Standard Time): GET /todos/59f213522cf83f2bd0ad5386
Fri Oct 27 2017 00:54:42 GMT+0800 (Malay Peninsula Standard Time): POST /todos
Fri Oct 27 2017 00:54:42 GMT+0800 (Malay Peninsula Standard Time): POST /todos
Fri Oct 27 2017 00:54:42 GMT+0800 (Malay Peninsula Standard Time): GET /todos
Fri Oct 27 2017 00:54:44 GMT+0800 (Malay Peninsula Standard Time): GET /todos/59f213546f29ec2cf082f0ba
Fri Oct 27 2017 00:54:44 GMT+0800 (Malay Peninsula Standard Time): POST /todos
Fri Oct 27 2017 00:54:44 GMT+0800 (Malay Peninsula Standard Time): POST /todos
Fri Oct 27 2017 00:54:44 GMT+0800 (Malay Peninsula Standard Time): GET /todos
Fri Oct 27 2017 00:54:46 GMT+0800 (Malay Peninsula Standard Time): GET /todos/59f213568d6f632380843da0
Fri Oct 27 2017 00:54:46 GMT+0800 (Malay Peninsula Standard Time): POST /todos
Fri Oct 27 2017 00:54:46 GMT+0800 (Malay Peninsula Standard Time): POST /todos
Fri Oct 27 2017 00:54:46 GMT+0800 (Malay Peninsula Standard Time): GET /todos
Fri Oct 27 2017 00:54:48 GMT+0800 (Malay Peninsula Standard Time): GET /todos/59f21358ef3f0a23fc50ee80
Fri Oct 27 2017 00:54:48 GMT+0800 (Malay Peninsula Standard Time): POST /todos
Fri Oct 27 2017 00:54:48 GMT+0800 (Malay Peninsula Standard Time): POST /todos
Fri Oct 27 2017 00:54:48 GMT+0800 (Malay Peninsula Standard Time): GET /todos
Fri Oct 27 2017 00:54:50 GMT+0800 (Malay Peninsula Standard Time): GET /todos/59f2135a82cea12d00d3cb95
Fri Oct 27 2017 00:54:50 GMT+0800 (Malay Peninsula Standard Time): POST /todos
Fri Oct 27 2017 00:54:50 GMT+0800 (Malay Peninsula Standard Time): POST /todos
Fri Oct 27 2017 00:54:50 GMT+0800 (Malay Peninsula Standard Time): GET /todos
Fri Oct 27 2017 00:54:52 GMT+0800 (Malay Peninsula Standard Time): GET /todos/59f2135c19f22836c0596781
Fri Oct 27 2017 00:54:52 GMT+0800 (Malay Peninsula Standard Time): POST /todos
Fri Oct 27 2017 00:54:52 GMT+0800 (Malay Peninsula Standard Time): POST /todos
Fri Oct 27 2017 00:54:52 GMT+0800 (Malay Peninsula Standard Time): GET /todos
Fri Oct 27 2017 00:54:54 GMT+0800 (Malay Peninsula Standard Time): GET /todos/59f2135e78236e1e90c54c28
Fri Oct 27 2017 00:54:54 GMT+0800 (Malay Peninsula Standard Time): POST /todos
Fri Oct 27 2017 00:54:54 GMT+0800 (Malay Peninsula Standard Time): POST /todos
Fri Oct 27 2017 00:54:54 GMT+0800 (Malay Peninsula Standard Time): GET /todos
Fri Oct 27 2017 00:54:56 GMT+0800 (Malay Peninsula Standard Time): GET /todos/59f2136067d63309dce0a12a
Fri Oct 27 2017 00:54:56 GMT+0800 (Malay Peninsula Standard Time): POST /todos
Fri Oct 27 2017 00:54:56 GMT+0800 (Malay Peninsula Standard Time): POST /todos
Fri Oct 27 2017 00:54:56 GMT+0800 (Malay Peninsula Standard Time): GET /todos
Fri Oct 27 2017 00:54:57 GMT+0800 (Malay Peninsula Standard Time): GET /todos/59f213614a35e224843749bf
Fri Oct 27 2017 00:54:58 GMT+0800 (Malay Peninsula Standard Time): POST /todos
Fri Oct 27 2017 00:54:58 GMT+0800 (Malay Peninsula Standard Time): POST /todos
Fri Oct 27 2017 00:54:58 GMT+0800 (Malay Peninsula Standard Time): GET /todos
Fri Oct 27 2017 00:54:59 GMT+0800 (Malay Peninsula Standard Time): GET /todos/59f21363531b3801c01f7fa8
Fri Oct 27 2017 00:54:59 GMT+0800 (Malay Peninsula Standard Time): POST /todos
Fri Oct 27 2017 00:54:59 GMT+0800 (Malay Peninsula Standard Time): POST /todos
Fri Oct 27 2017 00:54:59 GMT+0800 (Malay Peninsula Standard Time): GET /todos
Fri Oct 27 2017 00:55:01 GMT+0800 (Malay Peninsula Standard Time): GET /todos/59f213654f232a1430c793d7
Fri Oct 27 2017 00:55:01 GMT+0800 (Malay Peninsula Standard Time): POST /todos
Fri Oct 27 2017 00:55:01 GMT+0800 (Malay Peninsula Standard Time): POST /todos
Fri Oct 27 2017 00:55:01 GMT+0800 (Malay Peninsula Standard Time): GET /todos
Fri Oct 27 2017 00:55:03 GMT+0800 (Malay Peninsula Standard Time): GET /todos/59f21367153cd60444d99ecf
Fri Oct 27 2017 00:55:03 GMT+0800 (Malay Peninsula Standard Time): POST /todos
Fri Oct 27 2017 00:55:03 GMT+0800 (Malay Peninsula Standard Time): POST /todos
Fri Oct 27 2017 00:55:03 GMT+0800 (Malay Peninsula Standard Time): GET /todos
Fri Oct 27 2017 00:55:05 GMT+0800 (Malay Peninsula Standard Time): GET /todos/59f213694830e80d144599f2
Fri Oct 27 2017 00:55:05 GMT+0800 (Malay Peninsula Standard Time): POST /todos
Fri Oct 27 2017 00:55:05 GMT+0800 (Malay Peninsula Standard Time): POST /todos
Fri Oct 27 2017 00:55:05 GMT+0800 (Malay Peninsula Standard Time): GET /todos
Fri Oct 27 2017 00:55:07 GMT+0800 (Malay Peninsula Standard Time): GET /todos/59f2136bc05cdf2250ae4828
Fri Oct 27 2017 00:55:07 GMT+0800 (Malay Peninsula Standard Time): POST /todos
Fri Oct 27 2017 00:55:07 GMT+0800 (Malay Peninsula Standard Time): POST /todos
Fri Oct 27 2017 00:55:07 GMT+0800 (Malay Peninsula Standard Time): GET /todos
Fri Oct 27 2017 00:55:09 GMT+0800 (Malay Peninsula Standard Time): GET /todos/59f2136dad647b371c40c109
Fri Oct 27 2017 00:55:09 GMT+0800 (Malay Peninsula Standard Time): POST /todos
Fri Oct 27 2017 00:55:09 GMT+0800 (Malay Peninsula Standard Time): POST /todos
Fri Oct 27 2017 00:55:09 GMT+0800 (Malay Peninsula Standard Time): GET /todos
Fri Oct 27 2017 00:55:11 GMT+0800 (Malay Peninsula Standard Time): GET /todos/59f2136f217832286c0fe91b
Fri Oct 27 2017 00:55:11 GMT+0800 (Malay Peninsula Standard Time): POST /todos
Fri Oct 27 2017 00:55:11 GMT+0800 (Malay Peninsula Standard Time): POST /todos
Fri Oct 27 2017 00:55:11 GMT+0800 (Malay Peninsula Standard Time): GET /todos
Fri Oct 27 2017 00:55:13 GMT+0800 (Malay Peninsula Standard Time): GET /todos/59f21370e4960b1898f463de
Fri Oct 27 2017 00:55:13 GMT+0800 (Malay Peninsula Standard Time): POST /todos
Fri Oct 27 2017 00:55:13 GMT+0800 (Malay Peninsula Standard Time): POST /todos
Fri Oct 27 2017 00:55:18 GMT+0800 (Malay Peninsula Standard Time): GET /todos/59f21376ee2b5927bcaec353
Fri Oct 27 2017 00:55:18 GMT+0800 (Malay Peninsula Standard Time): POST /todos
Fri Oct 27 2017 00:55:18 GMT+0800 (Malay Peninsula Standard Time): POST /todos
Fri Oct 27 2017 00:55:18 GMT+0800 (Malay Peninsula Standard Time): GET /todos
Fri Oct 27 2017 00:55:20 GMT+0800 (Malay Peninsula Standard Time): GET /todos/59f2137868ff972404c08e71
Fri Oct 27 2017 00:55:20 GMT+0800 (Malay Peninsula Standard Time): POST /todos
Fri Oct 27 2017 00:55:20 GMT+0800 (Malay Peninsula Standard Time): POST /todos
Fri Oct 27 2017 00:55:20 GMT+0800 (Malay Peninsula Standard Time): GET /todos
Fri Oct 27 2017 00:55:28 GMT+0800 (Malay Peninsula Standard Time): GET /todos/59f213808917592b4012e819
Fri Oct 27 2017 00:55:28 GMT+0800 (Malay Peninsula Standard Time): POST /todos
Fri Oct 27 2017 00:55:28 GMT+0800 (Malay Peninsula Standard Time): POST /todos
Fri Oct 27 2017 00:55:28 GMT+0800 (Malay Peninsula Standard Time): GET /todos
Fri Oct 27 2017 00:58:59 GMT+0800 (Malay Peninsula Standard Time): POST /todos
Fri Oct 27 2017 00:58:59 GMT+0800 (Malay Peninsula Standard Time): POST /todos
Fri Oct 27 2017 00:58:59 GMT+0800 (Malay Peninsula Standard Time): GET /todos
Fri Oct 27 2017 00:59:12 GMT+0800 (Malay Peninsula Standard Time): POST /todos
Fri Oct 27 2017 00:59:12 GMT+0800 (Malay Peninsula Standard Time): POST /todos
Fri Oct 27 2017 00:59:12 GMT+0800 (Malay Peninsula Standard Time): GET /todos
Fri Oct 27 2017 01:00:19 GMT+0800 (Malay Peninsula Standard Time): GET /todos/59f214a39b5e39059c9989de
Fri Oct 27 2017 01:00:19 GMT+0800 (Malay Peninsula Standard Time): POST /todos
Fri Oct 27 2017 01:00:19 GMT+0800 (Malay Peninsula Standard Time): POST /todos
Fri Oct 27 2017 01:00:19 GMT+0800 (Malay Peninsula Standard Time): GET /todos
Fri Oct 27 2017 01:00:44 GMT+0800 (Malay Peninsula Standard Time): GET /todos/59f214a39b5e39059c9989de
Fri Oct 27 2017 01:00:44 GMT+0800 (Malay Peninsula Standard Time): POST /todos
Fri Oct 27 2017 01:00:44 GMT+0800 (Malay Peninsula Standard Time): POST /todos
Fri Oct 27 2017 01:00:44 GMT+0800 (Malay Peninsula Standard Time): GET /todos
Fri Oct 27 2017 01:01:20 GMT+0800 (Malay Peninsula Standard Time): GET /todos/59f214e049a4f72b2ca72122
Fri Oct 27 2017 01:01:20 GMT+0800 (Malay Peninsula Standard Time): POST /todos
Fri Oct 27 2017 01:01:20 GMT+0800 (Malay Peninsula Standard Time): POST /todos
Fri Oct 27 2017 01:01:20 GMT+0800 (Malay Peninsula Standard Time): GET /todos
Fri Oct 27 2017 01:01:53 GMT+0800 (Malay Peninsula Standard Time): GET /todos/59f21501ee51a236c8771937
Fri Oct 27 2017 01:01:53 GMT+0800 (Malay Peninsula Standard Time): POST /todos
Fri Oct 27 2017 01:01:54 GMT+0800 (Malay Peninsula Standard Time): POST /todos
Fri Oct 27 2017 01:01:54 GMT+0800 (Malay Peninsula Standard Time): GET /todos
Fri Oct 27 2017 01:02:35 GMT+0800 (Malay Peninsula Standard Time): GET /todos/59f2152b000f0316201e456a
Fri Oct 27 2017 01:02:35 GMT+0800 (Malay Peninsula Standard Time): POST /todos
Fri Oct 27 2017 01:02:35 GMT+0800 (Malay Peninsula Standard Time): POST /todos
Fri Oct 27 2017 01:02:35 GMT+0800 (Malay Peninsula Standard Time): GET /todos
Fri Oct 27 2017 01:02:52 GMT+0800 (Malay Peninsula Standard Time): GET /todos/59f2153cf5da1107741f7714
Fri Oct 27 2017 01:02:52 GMT+0800 (Malay Peninsula Standard Time): POST /todos
Fri Oct 27 2017 01:02:52 GMT+0800 (Malay Peninsula Standard Time): POST /todos
Fri Oct 27 2017 01:02:52 GMT+0800 (Malay Peninsula Standard Time): GET /todos
Fri Oct 27 2017 01:03:59 GMT+0800 (Malay Peninsula Standard Time): GET /todos/59f2157f3b984606c46aaa36
Fri Oct 27 2017 01:03:59 GMT+0800 (Malay Peninsula Standard Time): POST /todos
Fri Oct 27 2017 01:03:59 GMT+0800 (Malay Peninsula Standard Time): POST /todos
Fri Oct 27 2017 01:03:59 GMT+0800 (Malay Peninsula Standard Time): GET /todos
Fri Oct 27 2017 01:04:21 GMT+0800 (Malay Peninsula Standard Time): GET /todos/59f215952ae62c0444b7389a
Fri Oct 27 2017 01:04:21 GMT+0800 (Malay Peninsula Standard Time): POST /todos
Fri Oct 27 2017 01:04:21 GMT+0800 (Malay Peninsula Standard Time): POST /todos
Fri Oct 27 2017 01:04:21 GMT+0800 (Malay Peninsula Standard Time): GET /todos
Fri Oct 27 2017 01:05:28 GMT+0800 (Malay Peninsula Standard Time): GET /todos/59f215d8bf98f819ecec1d40
Fri Oct 27 2017 01:05:28 GMT+0800 (Malay Peninsula Standard Time): POST /todos
Fri Oct 27 2017 01:05:28 GMT+0800 (Malay Peninsula Standard Time): POST /todos
Fri Oct 27 2017 01:05:28 GMT+0800 (Malay Peninsula Standard Time): GET /todos
Fri Oct 27 2017 01:06:54 GMT+0800 (Malay Peninsula Standard Time): GET /todos/59f2162e97964c1c44102195
Fri Oct 27 2017 01:06:54 GMT+0800 (Malay Peninsula Standard Time): POST /todos
Fri Oct 27 2017 01:06:54 GMT+0800 (Malay Peninsula Standard Time): POST /todos
Fri Oct 27 2017 01:06:54 GMT+0800 (Malay Peninsula Standard Time): GET /todos
Fri Oct 27 2017 01:07:38 GMT+0800 (Malay Peninsula Standard Time): GET /todos/59f2165a92d2d6224c2c2b39
Fri Oct 27 2017 01:07:38 GMT+0800 (Malay Peninsula Standard Time): POST /todos
Fri Oct 27 2017 01:07:38 GMT+0800 (Malay Peninsula Standard Time): POST /todos
Fri Oct 27 2017 01:07:38 GMT+0800 (Malay Peninsula Standard Time): GET /todos
Fri Oct 27 2017 01:08:48 GMT+0800 (Malay Peninsula Standard Time): GET /todos/59f216a0559a88283c4a6aac
Fri Oct 27 2017 01:08:48 GMT+0800 (Malay Peninsula Standard Time): POST /todos
Fri Oct 27 2017 01:08:48 GMT+0800 (Malay Peninsula Standard Time): POST /todos
Fri Oct 27 2017 01:08:48 GMT+0800 (Malay Peninsula Standard Time): GET /todos
Fri Oct 27 2017 01:09:31 GMT+0800 (Malay Peninsula Standard Time): GET /todos/59f216cba1a4b228802c2e5a
Fri Oct 27 2017 01:09:31 GMT+0800 (Malay Peninsula Standard Time): POST /todos
Fri Oct 27 2017 01:09:31 GMT+0800 (Malay Peninsula Standard Time): POST /todos
Fri Oct 27 2017 01:09:31 GMT+0800 (Malay Peninsula Standard Time): GET /todos
Fri Oct 27 2017 01:10:03 GMT+0800 (Malay Peninsula Standard Time): GET /todos/59f216ebad75f82b2c05f0c0
Fri Oct 27 2017 01:10:03 GMT+0800 (Malay Peninsula Standard Time): POST /todos
Fri Oct 27 2017 01:10:03 GMT+0800 (Malay Peninsula Standard Time): POST /todos
Fri Oct 27 2017 01:10:03 GMT+0800 (Malay Peninsula Standard Time): GET /todos
Fri Oct 27 2017 01:10:29 GMT+0800 (Malay Peninsula Standard Time): GET /todos/59f217058be71510d86f6f5c
Fri Oct 27 2017 01:10:29 GMT+0800 (Malay Peninsula Standard Time): POST /todos
Fri Oct 27 2017 01:10:29 GMT+0800 (Malay Peninsula Standard Time): POST /todos
Fri Oct 27 2017 01:10:29 GMT+0800 (Malay Peninsula Standard Time): GET /todos
Fri Oct 27 2017 01:11:12 GMT+0800 (Malay Peninsula Standard Time): GET /todos/59f217305d23fb1110b323f6
Fri Oct 27 2017 01:11:12 GMT+0800 (Malay Peninsula Standard Time): POST /todos
Fri Oct 27 2017 01:11:12 GMT+0800 (Malay Peninsula Standard Time): POST /todos
Fri Oct 27 2017 01:11:12 GMT+0800 (Malay Peninsula Standard Time): GET /todos
Fri Oct 27 2017 01:11:39 GMT+0800 (Malay Peninsula Standard Time): GET /todos/59f2174ba27e2e1904f387eb
Fri Oct 27 2017 01:11:39 GMT+0800 (Malay Peninsula Standard Time): POST /todos
Fri Oct 27 2017 01:11:39 GMT+0800 (Malay Peninsula Standard Time): POST /todos
Fri Oct 27 2017 01:11:39 GMT+0800 (Malay Peninsula Standard Time): GET /todos
Fri Oct 27 2017 01:12:32 GMT+0800 (Malay Peninsula Standard Time): GET /todos/59f21780c7c6d21d342693e1
Fri Oct 27 2017 01:12:32 GMT+0800 (Malay Peninsula Standard Time): POST /todos
Fri Oct 27 2017 01:12:32 GMT+0800 (Malay Peninsula Standard Time): POST /todos
Fri Oct 27 2017 01:12:32 GMT+0800 (Malay Peninsula Standard Time): GET /todos
Fri Oct 27 2017 01:12:47 GMT+0800 (Malay Peninsula Standard Time): GET /todos/59f2178fc5f15a28541b72be
Fri Oct 27 2017 01:12:47 GMT+0800 (Malay Peninsula Standard Time): POST /todos
Fri Oct 27 2017 01:12:47 GMT+0800 (Malay Peninsula Standard Time): POST /todos
Fri Oct 27 2017 01:12:47 GMT+0800 (Malay Peninsula Standard Time): GET /todos
Fri Oct 27 2017 01:13:05 GMT+0800 (Malay Peninsula Standard Time): GET /todos/59f217a1e9e14e18d4362911
Fri Oct 27 2017 01:13:05 GMT+0800 (Malay Peninsula Standard Time): POST /todos
Fri Oct 27 2017 01:13:05 GMT+0800 (Malay Peninsula Standard Time): POST /todos
Fri Oct 27 2017 01:13:05 GMT+0800 (Malay Peninsula Standard Time): GET /todos
Fri Oct 27 2017 01:13:35 GMT+0800 (Malay Peninsula Standard Time): GET /todos/59f217bf7534620f74824de6
Fri Oct 27 2017 01:13:35 GMT+0800 (Malay Peninsula Standard Time): POST /todos
Fri Oct 27 2017 01:13:35 GMT+0800 (Malay Peninsula Standard Time): POST /todos
Fri Oct 27 2017 01:13:35 GMT+0800 (Malay Peninsula Standard Time): GET /todos
Fri Oct 27 2017 01:13:44 GMT+0800 (Malay Peninsula Standard Time): GET /todos/59f217c8c0c63c0368f86a55
Fri Oct 27 2017 01:13:44 GMT+0800 (Malay Peninsula Standard Time): POST /todos
Fri Oct 27 2017 01:13:44 GMT+0800 (Malay Peninsula Standard Time): POST /todos
Fri Oct 27 2017 01:13:44 GMT+0800 (Malay Peninsula Standard Time): GET /todos
Fri Oct 27 2017 01:14:42 GMT+0800 (Malay Peninsula Standard Time): GET /todos/59f2180244a8d43790bdfcdb
Fri Oct 27 2017 01:14:42 GMT+0800 (Malay Peninsula Standard Time): POST /todos
Fri Oct 27 2017 01:14:42 GMT+0800 (Malay Peninsula Standard Time): POST /todos
Fri Oct 27 2017 01:14:42 GMT+0800 (Malay Peninsula Standard Time): GET /todos
Fri Oct 27 2017 01:15:46 GMT+0800 (Malay Peninsula Standard Time): GET /todos/59f21842ec1d532d38452b12
Fri Oct 27 2017 01:15:46 GMT+0800 (Malay Peninsula Standard Time): POST /todos
Fri Oct 27 2017 01:15:46 GMT+0800 (Malay Peninsula Standard Time): POST /todos
Fri Oct 27 2017 01:15:46 GMT+0800 (Malay Peninsula Standard Time): GET /todos
Fri Oct 27 2017 01:18:36 GMT+0800 (Malay Peninsula Standard Time): GET /todos/59f218ec86455f099c395e7c
Fri Oct 27 2017 01:18:36 GMT+0800 (Malay Peninsula Standard Time): POST /todos
Fri Oct 27 2017 01:18:36 GMT+0800 (Malay Peninsula Standard Time): POST /todos
Fri Oct 27 2017 01:18:36 GMT+0800 (Malay Peninsula Standard Time): GET /todos
Fri Oct 27 2017 01:21:06 GMT+0800 (Malay Peninsula Standard Time): GET /todos/59f21982827b9a103cf72ab4
Fri Oct 27 2017 01:21:06 GMT+0800 (Malay Peninsula Standard Time): POST /todos
Fri Oct 27 2017 01:21:06 GMT+0800 (Malay Peninsula Standard Time): POST /todos
Fri Oct 27 2017 01:21:06 GMT+0800 (Malay Peninsula Standard Time): GET /todos
Fri Oct 27 2017 01:21:27 GMT+0800 (Malay Peninsula Standard Time): GET /todos/59f21997e8e58b2b244106f6
Fri Oct 27 2017 01:21:27 GMT+0800 (Malay Peninsula Standard Time): POST /todos
Fri Oct 27 2017 01:21:27 GMT+0800 (Malay Peninsula Standard Time): POST /todos
Fri Oct 27 2017 01:21:27 GMT+0800 (Malay Peninsula Standard Time): GET /todos
Fri Oct 27 2017 01:21:34 GMT+0800 (Malay Peninsula Standard Time): GET /todos/59f2199ef00a5428d871f249
Fri Oct 27 2017 01:21:34 GMT+0800 (Malay Peninsula Standard Time): POST /todos
Fri Oct 27 2017 01:21:35 GMT+0800 (Malay Peninsula Standard Time): POST /todos
Fri Oct 27 2017 01:21:35 GMT+0800 (Malay Peninsula Standard Time): GET /todos
